2026-05-20 23:41:26,067 INFO o.a.j.u.JMeterUtils: Setting Locale to en_EN
2026-05-20 23:41:26,098 INFO o.a.j.JMeter: Loading user properties from: C:\Users\chvik\jmeter\bin\user.properties
2026-05-20 23:41:26,100 INFO o.a.j.JMeter: Loading system properties from: C:\Users\chvik\jmeter\bin\system.properties
2026-05-20 23:41:26,109 INFO o.a.j.JMeter: Copyright (c) 1998-2024 The Apache Software Foundation
2026-05-20 23:41:26,110 INFO o.a.j.JMeter: Version 5.6.3
2026-05-20 23:41:26,110 INFO o.a.j.JMeter: java.version=23.0.2
2026-05-20 23:41:26,110 INFO o.a.j.JMeter: java.vm.name=Java HotSpot(TM) 64-Bit Server VM
2026-05-20 23:41:26,110 INFO o.a.j.JMeter: os.name=Windows 11
2026-05-20 23:41:26,110 INFO o.a.j.JMeter: os.arch=amd64
2026-05-20 23:41:26,110 INFO o.a.j.JMeter: os.version=10.0
2026-05-20 23:41:26,110 INFO o.a.j.JMeter: file.encoding=UTF-8
2026-05-20 23:41:26,110 INFO o.a.j.JMeter: java.awt.headless=true
2026-05-20 23:41:26,110 INFO o.a.j.JMeter: Max memory     =1073741824
2026-05-20 23:41:26,110 INFO o.a.j.JMeter: Available Processors =16
2026-05-20 23:41:26,129 INFO o.a.j.JMeter: Default Locale=English (EN)
2026-05-20 23:41:26,130 INFO o.a.j.JMeter: JMeter  Locale=English (EN)
2026-05-20 23:41:26,130 INFO o.a.j.JMeter: JMeterHome=C:\Users\chvik\jmeter
2026-05-20 23:41:26,130 INFO o.a.j.JMeter: user.dir  =C:\Users\chvik\jmeter-performance-testing
2026-05-20 23:41:26,130 INFO o.a.j.JMeter: PWD       =C:\Users\chvik\jmeter-performance-testing
2026-05-20 23:41:26,164 INFO o.a.j.JMeter: IP: 192.168.1.189 Name: vpc FullName: vpc.lan
2026-05-20 23:41:26,193 INFO o.a.j.JMeter: Setting property 'jmeter.reportgenerator.outputdir' to:'C:\Users\chvik\jmeter-performance-testing\reports\html_report_stress'
2026-05-20 23:41:26,197 INFO o.a.j.s.FileServer: Default base='C:\Users\chvik\jmeter-performance-testing'
2026-05-20 23:41:26,199 INFO o.a.j.s.FileServer: Set new base='C:\Users\chvik\jmeter-performance-testing\test-plans'
2026-05-20 23:41:26,544 INFO o.a.j.s.SaveService: Testplan (JMX) version: 2.2. Testlog (JTL) version: 2.2
2026-05-20 23:41:26,595 INFO o.a.j.s.SaveService: Using SaveService properties version 5.0
2026-05-20 23:41:26,600 INFO o.a.j.s.SaveService: Using SaveService properties file encoding UTF-8
2026-05-20 23:41:26,604 INFO o.a.j.s.SaveService: Loading file: test-plans\stress_test.jmx
2026-05-20 23:41:26,684 INFO o.a.j.p.h.s.HTTPSamplerBase: Parser for text/html is org.apache.jmeter.protocol.http.parser.LagartoBasedHtmlParser
2026-05-20 23:41:26,685 INFO o.a.j.p.h.s.HTTPSamplerBase: Parser for application/xhtml+xml is org.apache.jmeter.protocol.http.parser.LagartoBasedHtmlParser
2026-05-20 23:41:26,685 INFO o.a.j.p.h.s.HTTPSamplerBase: Parser for application/xml is org.apache.jmeter.protocol.http.parser.LagartoBasedHtmlParser
2026-05-20 23:41:26,685 INFO o.a.j.p.h.s.HTTPSamplerBase: Parser for text/xml is org.apache.jmeter.protocol.http.parser.LagartoBasedHtmlParser
2026-05-20 23:41:26,686 INFO o.a.j.p.h.s.HTTPSamplerBase: Parser for text/vnd.wap.wml is org.apache.jmeter.protocol.http.parser.RegexpHTMLParser
2026-05-20 23:41:26,686 INFO o.a.j.p.h.s.HTTPSamplerBase: Parser for text/css is org.apache.jmeter.protocol.http.parser.CssParser
2026-05-20 23:41:26,735 INFO o.a.j.JMeter: Creating summariser <summary>
2026-05-20 23:41:26,741 INFO o.a.j.r.d.ReportGenerator: ReportGenerator will use for Parsing the separator: ','
2026-05-20 23:41:26,741 INFO o.a.j.r.d.ReportGenerator: Will generate report at end of test from  results file: results\results_stress.jtl
2026-05-20 23:41:26,741 INFO o.a.j.r.d.ReportGenerator: Reading report generator properties from: C:\Users\chvik\jmeter\bin\reportgenerator.properties
2026-05-20 23:41:26,743 INFO o.a.j.r.d.ReportGenerator: Merging with JMeter properties
2026-05-20 23:41:26,749 INFO o.a.j.r.c.ReportGeneratorConfiguration: Property 'jmeter.reportgenerator.temp_dir' not found, using default value 'temp' instead.
2026-05-20 23:41:26,752 INFO o.a.j.r.c.ReportGeneratorConfiguration: Property 'jmeter.reportgenerator.apdex_per_transaction' not found, using default value 'null' instead.
2026-05-20 23:41:26,752 INFO o.a.j.r.c.ReportGeneratorConfiguration: apdex_per_transaction is empty, not APDEX per transaction customization
2026-05-20 23:41:26,752 INFO o.a.j.r.c.ReportGeneratorConfiguration: Property 'jmeter.reportgenerator.sample_filter' not found, using default value 'null' instead.
2026-05-20 23:41:26,752 INFO o.a.j.r.c.ReportGeneratorConfiguration: Property 'jmeter.reportgenerator.report_title' not found, using default value 'null' instead.
2026-05-20 23:41:26,753 INFO o.a.j.r.c.ReportGeneratorConfiguration: Property 'jmeter.reportgenerator.start_date' not found, using default value 'null' instead.
2026-05-20 23:41:26,753 INFO o.a.j.r.c.ReportGeneratorConfiguration: Property 'jmeter.reportgenerator.end_date' not found, using default value 'null' instead.
2026-05-20 23:41:26,753 INFO o.a.j.r.c.ReportGeneratorConfiguration: Property 'jmeter.reportgenerator.date_format' not found, using default value 'null' instead.
2026-05-20 23:41:26,753 INFO o.a.j.r.c.ReportGeneratorConfiguration: Will use date range start date: null, end date: null
2026-05-20 23:41:26,758 INFO o.a.j.r.c.ReportGeneratorConfiguration: Property 'jmeter.reportgenerator.graph.totalTPS.exclude_controllers' not found, using default value 'false' instead.
2026-05-20 23:41:26,758 INFO o.a.j.r.c.ReportGeneratorConfiguration: Property 'jmeter.reportgenerator.graph.activeThreadsOverTime.exclude_controllers' not found, using default value 'false' instead.
2026-05-20 23:41:26,758 INFO o.a.j.r.c.ReportGeneratorConfiguration: Property 'jmeter.reportgenerator.graph.timeVsThreads.exclude_controllers' not found, using default value 'false' instead.
2026-05-20 23:41:26,759 INFO o.a.j.r.c.ReportGeneratorConfiguration: Property 'jmeter.reportgenerator.graph.responseTimeDistribution.exclude_controllers' not found, using default value 'false' instead.
2026-05-20 23:41:26,759 INFO o.a.j.r.c.ReportGeneratorConfiguration: Property 'jmeter.reportgenerator.graph.transactionsPerSecond.exclude_controllers' not found, using default value 'false' instead.
2026-05-20 23:41:26,759 INFO o.a.j.r.c.ReportGeneratorConfiguration: Property 'jmeter.reportgenerator.graph.responseTimePercentiles.exclude_controllers' not found, using default value 'false' instead.
2026-05-20 23:41:26,760 INFO o.a.j.r.c.ReportGeneratorConfiguration: Property 'jmeter.reportgenerator.graph.responseTimePercentilesOverTime.exclude_controllers' not found, using default value 'false' instead.
2026-05-20 23:41:26,760 INFO o.a.j.r.c.ReportGeneratorConfiguration: Property 'jmeter.reportgenerator.graph.responseTimesOverTime.exclude_controllers' not found, using default value 'false' instead.
2026-05-20 23:41:26,760 INFO o.a.j.r.c.ReportGeneratorConfiguration: Property 'jmeter.reportgenerator.graph.connectTimeOverTime.exclude_controllers' not found, using default value 'false' instead.
2026-05-20 23:41:26,760 INFO o.a.j.r.c.ReportGeneratorConfiguration: Property 'jmeter.reportgenerator.graph.latenciesOverTime.exclude_controllers' not found, using default value 'false' instead.
2026-05-20 23:41:26,761 INFO o.a.j.r.c.ReportGeneratorConfiguration: Property 'jmeter.reportgenerator.exporter.json.filters_only_sample_series' not found, using default value 'true' instead.
2026-05-20 23:41:26,762 INFO o.a.j.r.c.ReportGeneratorConfiguration: Property 'jmeter.reportgenerator.exporter.json.series_filter' not found, using default value '' instead.
2026-05-20 23:41:26,762 INFO o.a.j.r.c.ReportGeneratorConfiguration: Property 'jmeter.reportgenerator.exporter.json.show_controllers_only' not found, using default value 'false' instead.
2026-05-20 23:41:26,762 INFO o.a.j.r.c.ReportGeneratorConfiguration: Property 'jmeter.reportgenerator.exporter.html.filters_only_sample_series' not found, using default value 'true' instead.
2026-05-20 23:41:26,763 INFO o.a.j.r.c.ReportGeneratorConfiguration: Property 'jmeter.reportgenerator.exporter.html.series_filter' not found, using default value '' instead.
2026-05-20 23:41:26,763 INFO o.a.j.r.c.ReportGeneratorConfiguration: Property 'jmeter.reportgenerator.exporter.html.show_controllers_only' not found, using default value 'false' instead.
2026-05-20 23:41:26,786 INFO o.a.j.e.StandardJMeterEngine: Running the test!
2026-05-20 23:41:26,787 INFO o.a.j.s.SampleEvent: List of sample_variables: []
2026-05-20 23:41:26,788 INFO o.a.j.s.SampleEvent: List of sample_variables: []
2026-05-20 23:41:26,796 INFO o.a.j.e.u.CompoundVariable: Note: Function class names must contain the string: '.functions.'
2026-05-20 23:41:26,796 INFO o.a.j.e.u.CompoundVariable: Note: Function class names must not contain the string: '.gui.'
2026-05-20 23:41:26,883 INFO o.a.j.r.ClassFinder: Will scan jar C:\Users\chvik\jmeter\lib\ext\jmeter-plugins-fifo-0.2.jar with filter ExtendsClassFilter [parents=[interface org.apache.jmeter.functions.Function], inner=false, contains=null, notContains=null]. Consider exposing JMeter plugins via META-INF/services, and add JMeter-Skip-Class-Scanning=true manifest attribute so JMeter can skip classfile scanning
2026-05-20 23:41:26,892 INFO o.a.j.r.ClassFinder: Will scan jar C:\Users\chvik\jmeter\lib\ext\jmeter-plugins-casutg-3.1.1.jar with filter ExtendsClassFilter [parents=[interface org.apache.jmeter.functions.Function], inner=false, contains=null, notContains=null]. Consider exposing JMeter plugins via META-INF/services, and add JMeter-Skip-Class-Scanning=true manifest attribute so JMeter can skip classfile scanning
2026-05-20 23:41:26,907 INFO o.a.j.r.ClassFinder: Will scan jar C:\Users\chvik\jmeter\lib\ext\jmeter-plugins-ffw-2.0.jar with filter ExtendsClassFilter [parents=[interface org.apache.jmeter.functions.Function], inner=false, contains=null, notContains=null]. Consider exposing JMeter plugins via META-INF/services, and add JMeter-Skip-Class-Scanning=true manifest attribute so JMeter can skip classfile scanning
2026-05-20 23:41:26,909 INFO o.a.j.r.ClassFinder: Will scan jar C:\Users\chvik\jmeter\lib\ext\jmeter-plugins-manager.jar with filter ExtendsClassFilter [parents=[interface org.apache.jmeter.functions.Function], inner=false, contains=null, notContains=null]. Consider exposing JMeter plugins via META-INF/services, and add JMeter-Skip-Class-Scanning=true manifest attribute so JMeter can skip classfile scanning
2026-05-20 23:41:27,041 INFO o.a.j.r.ClassFinder: Will scan jar C:\Users\chvik\jmeter\lib\ext\jmeter-plugins-tst-2.6.jar with filter ExtendsClassFilter [parents=[interface org.apache.jmeter.functions.Function], inner=false, contains=null, notContains=null]. Consider exposing JMeter plugins via META-INF/services, and add JMeter-Skip-Class-Scanning=true manifest attribute so JMeter can skip classfile scanning
2026-05-20 23:41:27,046 INFO o.a.j.r.ClassFinder: Will scan jar C:\Users\chvik\jmeter\lib\ext\jmeter-plugins-functions-2.2.jar with filter ExtendsClassFilter [parents=[interface org.apache.jmeter.functions.Function], inner=false, contains=null, notContains=null]. Consider exposing JMeter plugins via META-INF/services, and add JMeter-Skip-Class-Scanning=true manifest attribute so JMeter can skip classfile scanning
2026-05-20 23:41:27,053 INFO o.a.j.r.ClassFinder: Will scan jar C:\Users\chvik\jmeter\lib\ext\jmeter-plugins-graphs-basic-2.0.jar with filter ExtendsClassFilter [parents=[interface org.apache.jmeter.functions.Function], inner=false, contains=null, notContains=null]. Consider exposing JMeter plugins via META-INF/services, and add JMeter-Skip-Class-Scanning=true manifest attribute so JMeter can skip classfile scanning
2026-05-20 23:41:27,060 INFO o.a.j.r.ClassFinder: Will scan jar C:\Users\chvik\jmeter\lib\ext\jmeter-plugins-dummy-0.4.jar with filter ExtendsClassFilter [parents=[interface org.apache.jmeter.functions.Function], inner=false, contains=null, notContains=null]. Consider exposing JMeter plugins via META-INF/services, and add JMeter-Skip-Class-Scanning=true manifest attribute so JMeter can skip classfile scanning
2026-05-20 23:41:27,063 INFO o.a.j.r.ClassFinder: Will scan jar C:\Users\chvik\jmeter\lib\ext\jmeter-plugins-perfmon-2.1.jar with filter ExtendsClassFilter [parents=[interface org.apache.jmeter.functions.Function], inner=false, contains=null, notContains=null]. Consider exposing JMeter plugins via META-INF/services, and add JMeter-Skip-Class-Scanning=true manifest attribute so JMeter can skip classfile scanning
2026-05-20 23:41:27,099 INFO o.a.j.JMeter: Running test (1779309687098)
2026-05-20 23:41:27,120 INFO o.a.j.e.StandardJMeterEngine: Starting ThreadGroup: 1 : Thread Group
2026-05-20 23:41:27,120 INFO o.a.j.e.StandardJMeterEngine: Starting 200 threads for group Thread Group.
2026-05-20 23:41:27,120 INFO o.a.j.e.StandardJMeterEngine: Thread will continue on error
2026-05-20 23:41:27,121 INFO o.a.j.t.ThreadGroup: Starting thread group... number=1 threads=200 ramp-up=5 delayedStart=false
2026-05-20 23:41:27,235 INFO o.a.j.t.ThreadGroup: Started thread group number 1
2026-05-20 23:41:27,235 INFO o.a.j.e.StandardJMeterEngine: All thread groups have been started
2026-05-20 23:41:27,393 INFO o.a.j.t.JMeterThread: Thread started: Thread Group 1-1
2026-05-20 23:41:27,401 INFO o.a.j.s.FileServer: Stored: test-data/users.csv
2026-05-20 23:41:27,420 INFO o.a.j.t.JMeterThread: Thread started: Thread Group 1-2
2026-05-20 23:41:27,442 INFO o.a.j.t.JMeterThread: Thread started: Thread Group 1-3
2026-05-20 23:41:27,468 INFO o.a.j.t.JMeterThread: Thread started: Thread Group 1-4
2026-05-20 23:41:27,491 INFO o.a.j.p.h.s.HTTPHCAbstractImpl: Local host = vpc
2026-05-20 23:41:27,492 INFO o.a.j.t.JMeterThread: Thread started: Thread Group 1-5
2026-05-20 23:41:27,505 INFO o.a.j.p.h.s.HTTPHC4Impl: HTTP request retry count = 0
2026-05-20 23:41:27,508 INFO o.a.j.s.SampleResult: Note: Sample TimeStamps are START times
2026-05-20 23:41:27,509 INFO o.a.j.s.SampleResult: sampleresult.default.encoding is set to UTF-8
2026-05-20 23:41:27,509 INFO o.a.j.s.SampleResult: sampleresult.useNanoTime=true
2026-05-20 23:41:27,509 INFO o.a.j.s.SampleResult: sampleresult.nanoThreadSleep=5000
2026-05-20 23:41:27,514 INFO o.a.j.t.JMeterThread: Thread started: Thread Group 1-6
2026-05-20 23:41:27,541 INFO o.a.j.t.JMeterThread: Thread started: Thread Group 1-7
2026-05-20 23:41:27,564 INFO o.a.j.t.JMeterThread: Thread started: Thread Group 1-8
2026-05-20 23:41:27,590 INFO o.a.j.t.JMeterThread: Thread started: Thread Group 1-9
2026-05-20 23:41:27,612 INFO o.a.j.t.JMeterThread: Thread started: Thread Group 1-10
2026-05-20 23:41:27,637 INFO o.a.j.t.JMeterThread: Thread started: Thread Group 1-11
2026-05-20 23:41:27,658 INFO o.a.j.t.JMeterThread: Thread started: Thread Group 1-12
2026-05-20 23:41:27,686 INFO o.a.j.t.JMeterThread: Thread started: Thread Group 1-13
2026-05-20 23:41:27,708 INFO o.a.j.t.JMeterThread: Thread started: Thread Group 1-14
2026-05-20 23:41:27,733 INFO o.a.j.t.JMeterThread: Thread started: Thread Group 1-15
2026-05-20 23:41:27,756 INFO o.a.j.t.JMeterThread: Thread started: Thread Group 1-16
2026-05-20 23:41:27,782 INFO o.a.j.t.JMeterThread: Thread started: Thread Group 1-17
2026-05-20 23:41:27,806 INFO o.a.j.t.JMeterThread: Thread started: Thread Group 1-18
2026-05-20 23:41:27,830 INFO o.a.j.t.JMeterThread: Thread started: Thread Group 1-19
2026-05-20 23:41:27,854 INFO o.a.j.t.JMeterThread: Thread started: Thread Group 1-20
2026-05-20 23:41:27,879 INFO o.a.j.t.JMeterThread: Thread started: Thread Group 1-21
2026-05-20 23:41:27,903 INFO o.a.j.t.JMeterThread: Thread started: Thread Group 1-22
2026-05-20 23:41:27,928 INFO o.a.j.t.JMeterThread: Thread started: Thread Group 1-23
2026-05-20 23:41:27,951 INFO o.a.j.t.JMeterThread: Thread started: Thread Group 1-24
2026-05-20 23:41:27,977 INFO o.a.j.t.JMeterThread: Thread started: Thread Group 1-25
2026-05-20 23:41:28,001 INFO o.a.j.t.JMeterThread: Thread started: Thread Group 1-26
2026-05-20 23:41:28,024 INFO o.a.j.t.JMeterThread: Thread started: Thread Group 1-27
2026-05-20 23:41:28,046 INFO o.a.j.p.h.s.h.LazyLayeredConnectionSocketFactory: Setting up HTTPS TrustAll Socket Factory
2026-05-20 23:41:28,049 INFO o.a.j.t.JMeterThread: Thread started: Thread Group 1-28
2026-05-20 23:41:28,053 INFO o.a.j.u.JsseSSLManager: Using default SSL protocol: TLS
2026-05-20 23:41:28,053 INFO o.a.j.u.JsseSSLManager: SSL session context: per-thread
2026-05-20 23:41:28,074 INFO o.a.j.t.JMeterThread: Thread started: Thread Group 1-29
2026-05-20 23:41:28,097 INFO o.a.j.t.JMeterThread: Thread started: Thread Group 1-30
2026-05-20 23:41:28,121 INFO o.a.j.t.JMeterThread: Thread started: Thread Group 1-31
2026-05-20 23:41:28,146 INFO o.a.j.t.JMeterThread: Thread started: Thread Group 1-32
2026-05-20 23:41:28,172 INFO o.a.j.t.JMeterThread: Thread started: Thread Group 1-33
2026-05-20 23:41:28,195 INFO o.a.j.t.JMeterThread: Thread started: Thread Group 1-34
2026-05-20 23:41:28,218 INFO o.a.j.t.JMeterThread: Thread started: Thread Group 1-35
2026-05-20 23:41:28,245 INFO o.a.j.t.JMeterThread: Thread started: Thread Group 1-36
2026-05-20 23:41:28,248 INFO o.a.j.u.SSLManager: JmeterKeyStore Location:  type JKS
2026-05-20 23:41:28,254 INFO o.a.j.u.SSLManager: KeyStore created OK
2026-05-20 23:41:28,254 WARN o.a.j.u.SSLManager: Keystore file not found, loading empty keystore
2026-05-20 23:41:28,268 INFO o.a.j.t.JMeterThread: Thread started: Thread Group 1-37
2026-05-20 23:41:28,291 INFO o.a.j.t.JMeterThread: Thread started: Thread Group 1-38
2026-05-20 23:41:28,319 INFO o.a.j.t.JMeterThread: Thread started: Thread Group 1-39
2026-05-20 23:41:28,341 INFO o.a.j.t.JMeterThread: Thread started: Thread Group 1-40
2026-05-20 23:41:28,365 INFO o.a.j.t.JMeterThread: Thread started: Thread Group 1-41
2026-05-20 23:41:28,388 INFO o.a.j.t.JMeterThread: Thread started: Thread Group 1-42
2026-05-20 23:41:28,407 INFO o.a.j.t.JMeterThread: Thread started: Thread Group 1-43
2026-05-20 23:41:28,432 INFO o.a.j.t.JMeterThread: Thread started: Thread Group 1-44
2026-05-20 23:41:28,456 INFO o.a.j.t.JMeterThread: Thread started: Thread Group 1-45
2026-05-20 23:41:28,484 INFO o.a.j.t.JMeterThread: Thread started: Thread Group 1-46
2026-05-20 23:41:28,518 INFO o.a.j.t.JMeterThread: Thread started: Thread Group 1-47
2026-05-20 23:41:28,528 INFO o.a.j.t.JMeterThread: Thread started: Thread Group 1-48
2026-05-20 23:41:28,557 INFO o.a.j.t.JMeterThread: Thread started: Thread Group 1-49
2026-05-20 23:41:28,577 INFO o.a.j.t.JMeterThread: Thread started: Thread Group 1-50
2026-05-20 23:41:28,604 INFO o.a.j.t.JMeterThread: Thread started: Thread Group 1-51
2026-05-20 23:41:28,627 INFO o.a.j.t.JMeterThread: Thread started: Thread Group 1-52
2026-05-20 23:41:28,652 INFO o.a.j.t.JMeterThread: Thread started: Thread Group 1-53
2026-05-20 23:41:28,676 INFO o.a.j.t.JMeterThread: Thread started: Thread Group 1-54
2026-05-20 23:41:28,701 INFO o.a.j.t.JMeterThread: Thread started: Thread Group 1-55
2026-05-20 23:41:28,724 INFO o.a.j.t.JMeterThread: Thread started: Thread Group 1-56
2026-05-20 23:41:28,749 INFO o.a.j.t.JMeterThread: Thread started: Thread Group 1-57
2026-05-20 23:41:28,819 INFO o.a.j.t.JMeterThread: Thread started: Thread Group 1-59
2026-05-20 23:41:28,822 INFO o.a.j.t.JMeterThread: Thread started: Thread Group 1-60
2026-05-20 23:41:28,851 INFO o.a.j.t.JMeterThread: Thread started: Thread Group 1-61
2026-05-20 23:41:28,852 INFO o.a.j.t.JMeterThread: Thread started: Thread Group 1-58
2026-05-20 23:41:28,888 INFO o.a.j.t.JMeterThread: Thread started: Thread Group 1-62
2026-05-20 23:41:28,922 INFO o.a.j.t.JMeterThread: Thread started: Thread Group 1-63
2026-05-20 23:41:28,929 INFO o.a.j.t.JMeterThread: Thread started: Thread Group 1-64
2026-05-20 23:41:28,972 INFO o.a.j.t.JMeterThread: Thread started: Thread Group 1-65
2026-05-20 23:41:28,972 INFO o.a.j.t.JMeterThread: Thread started: Thread Group 1-66
2026-05-20 23:41:28,999 INFO o.a.j.t.JMeterThread: Thread started: Thread Group 1-67
2026-05-20 23:41:29,020 INFO o.a.j.t.JMeterThread: Thread started: Thread Group 1-68
2026-05-20 23:41:29,041 INFO o.a.j.t.JMeterThread: Thread started: Thread Group 1-69
2026-05-20 23:41:29,068 INFO o.a.j.t.JMeterThread: Thread started: Thread Group 1-70
2026-05-20 23:41:29,091 INFO o.a.j.t.JMeterThread: Thread started: Thread Group 1-71
2026-05-20 23:41:29,115 INFO o.a.j.t.JMeterThread: Thread started: Thread Group 1-72
2026-05-20 23:41:29,143 INFO o.a.j.t.JMeterThread: Thread started: Thread Group 1-73
2026-05-20 23:41:29,163 INFO o.a.j.t.JMeterThread: Thread started: Thread Group 1-74
2026-05-20 23:41:29,194 INFO o.a.j.t.JMeterThread: Thread started: Thread Group 1-75
2026-05-20 23:41:29,218 INFO o.a.j.t.JMeterThread: Thread started: Thread Group 1-76
2026-05-20 23:41:29,239 INFO o.a.j.t.JMeterThread: Thread started: Thread Group 1-77
2026-05-20 23:41:29,267 INFO o.a.j.t.JMeterThread: Thread started: Thread Group 1-78
2026-05-20 23:41:29,287 INFO o.a.j.t.JMeterThread: Thread started: Thread Group 1-79
2026-05-20 23:41:29,313 INFO o.a.j.t.JMeterThread: Thread started: Thread Group 1-80
2026-05-20 23:41:29,337 INFO o.a.j.t.JMeterThread: Thread started: Thread Group 1-81
2026-05-20 23:41:29,363 INFO o.a.j.t.JMeterThread: Thread started: Thread Group 1-82
2026-05-20 23:41:29,388 INFO o.a.j.t.JMeterThread: Thread started: Thread Group 1-83
2026-05-20 23:41:29,409 INFO o.a.j.t.JMeterThread: Thread started: Thread Group 1-84
2026-05-20 23:41:29,435 INFO o.a.j.t.JMeterThread: Thread started: Thread Group 1-85
2026-05-20 23:41:29,462 INFO o.a.j.t.JMeterThread: Thread started: Thread Group 1-86
2026-05-20 23:41:29,483 INFO o.a.j.t.JMeterThread: Thread started: Thread Group 1-87
2026-05-20 23:41:29,506 INFO o.a.j.t.JMeterThread: Thread started: Thread Group 1-88
2026-05-20 23:41:29,531 INFO o.a.j.t.JMeterThread: Thread started: Thread Group 1-89
2026-05-20 23:41:29,560 INFO o.a.j.t.JMeterThread: Thread started: Thread Group 1-90
2026-05-20 23:41:29,582 INFO o.a.j.t.JMeterThread: Thread started: Thread Group 1-91
2026-05-20 23:41:29,606 INFO o.a.j.t.JMeterThread: Thread started: Thread Group 1-92
2026-05-20 23:41:29,631 INFO o.a.j.t.JMeterThread: Thread started: Thread Group 1-93
2026-05-20 23:41:29,655 INFO o.a.j.t.JMeterThread: Thread started: Thread Group 1-94
2026-05-20 23:41:29,682 INFO o.a.j.t.JMeterThread: Thread started: Thread Group 1-95
2026-05-20 23:41:29,703 INFO o.a.j.t.JMeterThread: Thread started: Thread Group 1-96
2026-05-20 23:41:29,728 INFO o.a.j.t.JMeterThread: Thread started: Thread Group 1-97
2026-05-20 23:41:29,752 INFO o.a.j.t.JMeterThread: Thread started: Thread Group 1-98
2026-05-20 23:41:29,777 INFO o.a.j.t.JMeterThread: Thread started: Thread Group 1-99
2026-05-20 23:41:29,803 INFO o.a.j.t.JMeterThread: Thread started: Thread Group 1-100
2026-05-20 23:41:29,827 INFO o.a.j.t.JMeterThread: Thread started: Thread Group 1-101
2026-05-20 23:41:29,851 INFO o.a.j.t.JMeterThread: Thread started: Thread Group 1-102
2026-05-20 23:41:29,874 INFO o.a.j.t.JMeterThread: Thread started: Thread Group 1-103
2026-05-20 23:41:29,901 INFO o.a.j.t.JMeterThread: Thread started: Thread Group 1-104
2026-05-20 23:41:29,925 INFO o.a.j.t.JMeterThread: Thread started: Thread Group 1-105
2026-05-20 23:41:29,948 INFO o.a.j.t.JMeterThread: Thread started: Thread Group 1-106
2026-05-20 23:41:29,976 INFO o.a.j.t.JMeterThread: Thread started: Thread Group 1-107
2026-05-20 23:41:30,000 INFO o.a.j.t.JMeterThread: Thread started: Thread Group 1-108
2026-05-20 23:41:30,004 INFO o.a.j.r.Summariser: summary +    310 in 00:00:03 =  106.8/s Avg:   394 Min:   114 Max:  2146 Err:   134 (43.23%) Active: 108 Started: 108 Finished: 0
2026-05-20 23:41:30,024 INFO o.a.j.t.JMeterThread: Thread started: Thread Group 1-109
2026-05-20 23:41:30,052 INFO o.a.j.t.JMeterThread: Thread started: Thread Group 1-110
2026-05-20 23:41:30,075 INFO o.a.j.t.JMeterThread: Thread started: Thread Group 1-111
2026-05-20 23:41:30,099 INFO o.a.j.t.JMeterThread: Thread started: Thread Group 1-112
2026-05-20 23:41:30,122 INFO o.a.j.t.JMeterThread: Thread started: Thread Group 1-113
2026-05-20 23:41:30,151 INFO o.a.j.t.JMeterThread: Thread started: Thread Group 1-114
2026-05-20 23:41:30,172 INFO o.a.j.t.JMeterThread: Thread started: Thread Group 1-115
2026-05-20 23:41:30,195 INFO o.a.j.t.JMeterThread: Thread started: Thread Group 1-116
2026-05-20 23:41:30,220 INFO o.a.j.t.JMeterThread: Thread started: Thread Group 1-117
2026-05-20 23:41:30,245 INFO o.a.j.t.JMeterThread: Thread started: Thread Group 1-118
2026-05-20 23:41:30,270 INFO o.a.j.t.JMeterThread: Thread started: Thread Group 1-119
2026-05-20 23:41:30,296 INFO o.a.j.t.JMeterThread: Thread started: Thread Group 1-120
2026-05-20 23:41:30,320 INFO o.a.j.t.JMeterThread: Thread started: Thread Group 1-121
2026-05-20 23:41:30,347 INFO o.a.j.t.JMeterThread: Thread started: Thread Group 1-122
2026-05-20 23:41:30,370 INFO o.a.j.t.JMeterThread: Thread started: Thread Group 1-123
2026-05-20 23:41:30,396 INFO o.a.j.t.JMeterThread: Thread started: Thread Group 1-124
2026-05-20 23:41:30,420 INFO o.a.j.t.JMeterThread: Thread started: Thread Group 1-125
2026-05-20 23:41:30,442 INFO o.a.j.t.JMeterThread: Thread started: Thread Group 1-126
2026-05-20 23:41:30,462 INFO o.a.j.t.JMeterThread: Thread started: Thread Group 1-127
2026-05-20 23:41:30,487 INFO o.a.j.t.JMeterThread: Thread started: Thread Group 1-128
2026-05-20 23:41:30,512 INFO o.a.j.t.JMeterThread: Thread started: Thread Group 1-129
2026-05-20 23:41:30,536 INFO o.a.j.t.JMeterThread: Thread started: Thread Group 1-130
2026-05-20 23:41:30,563 INFO o.a.j.t.JMeterThread: Thread started: Thread Group 1-131
2026-05-20 23:41:30,586 INFO o.a.j.t.JMeterThread: Thread started: Thread Group 1-132
2026-05-20 23:41:30,610 INFO o.a.j.t.JMeterThread: Thread started: Thread Group 1-133
2026-05-20 23:41:30,634 INFO o.a.j.t.JMeterThread: Thread started: Thread Group 1-134
2026-05-20 23:41:30,659 INFO o.a.j.t.JMeterThread: Thread started: Thread Group 1-135
2026-05-20 23:41:30,681 INFO o.a.j.t.JMeterThread: Thread started: Thread Group 1-136
2026-05-20 23:41:30,709 INFO o.a.j.t.JMeterThread: Thread started: Thread Group 1-137
2026-05-20 23:41:30,731 INFO o.a.j.t.JMeterThread: Thread started: Thread Group 1-138
2026-05-20 23:41:30,758 INFO o.a.j.t.JMeterThread: Thread started: Thread Group 1-139
2026-05-20 23:41:30,782 INFO o.a.j.t.JMeterThread: Thread started: Thread Group 1-140
2026-05-20 23:41:30,807 INFO o.a.j.t.JMeterThread: Thread started: Thread Group 1-141
2026-05-20 23:41:30,830 INFO o.a.j.t.JMeterThread: Thread started: Thread Group 1-142
2026-05-20 23:41:30,855 INFO o.a.j.t.JMeterThread: Thread started: Thread Group 1-143
2026-05-20 23:41:30,881 INFO o.a.j.t.JMeterThread: Thread started: Thread Group 1-144
2026-05-20 23:41:30,904 INFO o.a.j.t.JMeterThread: Thread started: Thread Group 1-145
2026-05-20 23:41:30,932 INFO o.a.j.t.JMeterThread: Thread started: Thread Group 1-146
2026-05-20 23:41:30,952 INFO o.a.j.t.JMeterThread: Thread started: Thread Group 1-147
2026-05-20 23:41:30,978 INFO o.a.j.t.JMeterThread: Thread started: Thread Group 1-148
2026-05-20 23:41:31,001 INFO o.a.j.t.JMeterThread: Thread started: Thread Group 1-149
2026-05-20 23:41:31,027 INFO o.a.j.t.JMeterThread: Thread started: Thread Group 1-150
2026-05-20 23:41:31,055 INFO o.a.j.t.JMeterThread: Thread started: Thread Group 1-151
2026-05-20 23:41:31,076 INFO o.a.j.t.JMeterThread: Thread started: Thread Group 1-152
2026-05-20 23:41:31,105 INFO o.a.j.t.JMeterThread: Thread started: Thread Group 1-153
2026-05-20 23:41:31,127 INFO o.a.j.t.JMeterThread: Thread started: Thread Group 1-154
2026-05-20 23:41:31,151 INFO o.a.j.t.JMeterThread: Thread started: Thread Group 1-155
2026-05-20 23:41:31,174 INFO o.a.j.t.JMeterThread: Thread started: Thread Group 1-156
2026-05-20 23:41:31,203 INFO o.a.j.t.JMeterThread: Thread started: Thread Group 1-157
2026-05-20 23:41:31,228 INFO o.a.j.t.JMeterThread: Thread started: Thread Group 1-158
2026-05-20 23:41:31,248 INFO o.a.j.t.JMeterThread: Thread started: Thread Group 1-159
2026-05-20 23:41:31,276 INFO o.a.j.t.JMeterThread: Thread started: Thread Group 1-160
2026-05-20 23:41:31,302 INFO o.a.j.t.JMeterThread: Thread started: Thread Group 1-161
2026-05-20 23:41:31,323 INFO o.a.j.t.JMeterThread: Thread started: Thread Group 1-162
2026-05-20 23:41:31,348 INFO o.a.j.t.JMeterThread: Thread started: Thread Group 1-163
2026-05-20 23:41:31,371 INFO o.a.j.t.JMeterThread: Thread started: Thread Group 1-164
2026-05-20 23:41:31,396 INFO o.a.j.t.JMeterThread: Thread started: Thread Group 1-165
2026-05-20 23:41:31,425 INFO o.a.j.t.JMeterThread: Thread started: Thread Group 1-166
2026-05-20 23:41:31,446 INFO o.a.j.t.JMeterThread: Thread started: Thread Group 1-167
2026-05-20 23:41:31,470 INFO o.a.j.t.JMeterThread: Thread started: Thread Group 1-168
2026-05-20 23:41:31,496 INFO o.a.j.t.JMeterThread: Thread started: Thread Group 1-169
2026-05-20 23:41:31,524 INFO o.a.j.t.JMeterThread: Thread started: Thread Group 1-170
2026-05-20 23:41:31,545 INFO o.a.j.t.JMeterThread: Thread started: Thread Group 1-171
2026-05-20 23:41:31,568 INFO o.a.j.t.JMeterThread: Thread started: Thread Group 1-172
2026-05-20 23:41:31,593 INFO o.a.j.t.JMeterThread: Thread started: Thread Group 1-173
2026-05-20 23:41:31,617 INFO o.a.j.t.JMeterThread: Thread started: Thread Group 1-174
2026-05-20 23:41:31,640 INFO o.a.j.t.JMeterThread: Thread started: Thread Group 1-175
2026-05-20 23:41:31,670 INFO o.a.j.t.JMeterThread: Thread started: Thread Group 1-176
2026-05-20 23:41:31,689 INFO o.a.j.t.JMeterThread: Thread started: Thread Group 1-177
2026-05-20 23:41:31,715 INFO o.a.j.t.JMeterThread: Thread started: Thread Group 1-178
2026-05-20 23:41:31,742 INFO o.a.j.t.JMeterThread: Thread started: Thread Group 1-179
2026-05-20 23:41:31,768 INFO o.a.j.t.JMeterThread: Thread started: Thread Group 1-180
2026-05-20 23:41:31,788 INFO o.a.j.t.JMeterThread: Thread started: Thread Group 1-181
2026-05-20 23:41:31,813 INFO o.a.j.t.JMeterThread: Thread started: Thread Group 1-182
2026-05-20 23:41:31,837 INFO o.a.j.t.JMeterThread: Thread started: Thread Group 1-183
2026-05-20 23:41:31,863 INFO o.a.j.t.JMeterThread: Thread started: Thread Group 1-184
2026-05-20 23:41:31,888 INFO o.a.j.t.JMeterThread: Thread started: Thread Group 1-185
2026-05-20 23:41:31,911 INFO o.a.j.t.JMeterThread: Thread started: Thread Group 1-186
2026-05-20 23:41:31,937 INFO o.a.j.t.JMeterThread: Thread started: Thread Group 1-187
2026-05-20 23:41:31,963 INFO o.a.j.t.JMeterThread: Thread started: Thread Group 1-188
2026-05-20 23:41:31,983 INFO o.a.j.t.JMeterThread: Thread started: Thread Group 1-189
2026-05-20 23:41:32,010 INFO o.a.j.t.JMeterThread: Thread started: Thread Group 1-190
2026-05-20 23:41:32,036 INFO o.a.j.t.JMeterThread: Thread started: Thread Group 1-191
2026-05-20 23:41:32,059 INFO o.a.j.t.JMeterThread: Thread started: Thread Group 1-192
2026-05-20 23:41:32,081 INFO o.a.j.t.JMeterThread: Thread started: Thread Group 1-193
2026-05-20 23:41:32,109 INFO o.a.j.t.JMeterThread: Thread started: Thread Group 1-194
2026-05-20 23:41:32,132 INFO o.a.j.t.JMeterThread: Thread started: Thread Group 1-195
2026-05-20 23:41:32,156 INFO o.a.j.t.JMeterThread: Thread started: Thread Group 1-196
2026-05-20 23:41:32,182 INFO o.a.j.t.JMeterThread: Thread started: Thread Group 1-197
2026-05-20 23:41:32,205 INFO o.a.j.t.JMeterThread: Thread started: Thread Group 1-198
2026-05-20 23:41:32,230 INFO o.a.j.t.JMeterThread: Thread started: Thread Group 1-199
2026-05-20 23:41:32,255 INFO o.a.j.t.JMeterThread: Thread started: Thread Group 1-200
2026-05-20 23:41:36,458 INFO o.a.j.t.JMeterThread: Thread is done: Thread Group 1-60
2026-05-20 23:41:36,458 INFO o.a.j.t.JMeterThread: Thread finished: Thread Group 1-60
2026-05-20 23:41:36,514 INFO o.a.j.t.JMeterThread: Thread is done: Thread Group 1-54
2026-05-20 23:41:36,514 INFO o.a.j.t.JMeterThread: Thread finished: Thread Group 1-54
2026-05-20 23:41:36,588 INFO o.a.j.t.JMeterThread: Thread is done: Thread Group 1-50
2026-05-20 23:41:36,588 INFO o.a.j.t.JMeterThread: Thread finished: Thread Group 1-50
2026-05-20 23:41:36,595 INFO o.a.j.t.JMeterThread: Thread is done: Thread Group 1-46
2026-05-20 23:41:36,595 INFO o.a.j.t.JMeterThread: Thread finished: Thread Group 1-46
2026-05-20 23:41:36,767 INFO o.a.j.t.JMeterThread: Thread is done: Thread Group 1-41
2026-05-20 23:41:36,767 INFO o.a.j.t.JMeterThread: Thread finished: Thread Group 1-41
2026-05-20 23:41:36,847 INFO o.a.j.t.JMeterThread: Thread is done: Thread Group 1-12
2026-05-20 23:41:36,848 INFO o.a.j.t.JMeterThread: Thread finished: Thread Group 1-12
2026-05-20 23:41:36,858 INFO o.a.j.t.JMeterThread: Thread is done: Thread Group 1-48
2026-05-20 23:41:36,859 INFO o.a.j.t.JMeterThread: Thread finished: Thread Group 1-48
2026-05-20 23:41:36,933 INFO o.a.j.t.JMeterThread: Thread is done: Thread Group 1-65
2026-05-20 23:41:36,934 INFO o.a.j.t.JMeterThread: Thread finished: Thread Group 1-65
2026-05-20 23:41:36,942 INFO o.a.j.t.JMeterThread: Thread is done: Thread Group 1-44
2026-05-20 23:41:36,942 INFO o.a.j.t.JMeterThread: Thread finished: Thread Group 1-44
2026-05-20 23:41:36,963 INFO o.a.j.t.JMeterThread: Thread is done: Thread Group 1-45
2026-05-20 23:41:36,963 INFO o.a.j.t.JMeterThread: Thread finished: Thread Group 1-45
2026-05-20 23:41:36,977 INFO o.a.j.t.JMeterThread: Thread is done: Thread Group 1-42
2026-05-20 23:41:36,977 INFO o.a.j.t.JMeterThread: Thread finished: Thread Group 1-42
2026-05-20 23:41:36,990 INFO o.a.j.t.JMeterThread: Thread is done: Thread Group 1-36
2026-05-20 23:41:36,990 INFO o.a.j.t.JMeterThread: Thread finished: Thread Group 1-36
2026-05-20 23:41:36,997 INFO o.a.j.t.JMeterThread: Thread is done: Thread Group 1-9
2026-05-20 23:41:36,997 INFO o.a.j.t.JMeterThread: Thread finished: Thread Group 1-9
2026-05-20 23:41:37,020 INFO o.a.j.t.JMeterThread: Thread is done: Thread Group 1-5
2026-05-20 23:41:37,020 INFO o.a.j.t.JMeterThread: Thread finished: Thread Group 1-5
2026-05-20 23:41:37,035 INFO o.a.j.t.JMeterThread: Thread is done: Thread Group 1-27
2026-05-20 23:41:37,036 INFO o.a.j.t.JMeterThread: Thread finished: Thread Group 1-27
2026-05-20 23:41:37,044 INFO o.a.j.t.JMeterThread: Thread is done: Thread Group 1-10
2026-05-20 23:41:37,044 INFO o.a.j.t.JMeterThread: Thread finished: Thread Group 1-10
2026-05-20 23:41:37,068 INFO o.a.j.t.JMeterThread: Thread is done: Thread Group 1-40
2026-05-20 23:41:37,069 INFO o.a.j.t.JMeterThread: Thread finished: Thread Group 1-40
2026-05-20 23:41:37,090 INFO o.a.j.t.JMeterThread: Thread is done: Thread Group 1-30
2026-05-20 23:41:37,090 INFO o.a.j.t.JMeterThread: Thread finished: Thread Group 1-30
2026-05-20 23:41:37,150 INFO o.a.j.t.JMeterThread: Thread is done: Thread Group 1-61
2026-05-20 23:41:37,150 INFO o.a.j.t.JMeterThread: Thread finished: Thread Group 1-61
2026-05-20 23:41:37,158 INFO o.a.j.t.JMeterThread: Thread is done: Thread Group 1-67
2026-05-20 23:41:37,158 INFO o.a.j.t.JMeterThread: Thread finished: Thread Group 1-67
2026-05-20 23:41:37,208 INFO o.a.j.t.JMeterThread: Thread is done: Thread Group 1-53
2026-05-20 23:41:37,208 INFO o.a.j.t.JMeterThread: Thread finished: Thread Group 1-53
2026-05-20 23:41:37,232 INFO o.a.j.t.JMeterThread: Thread is done: Thread Group 1-51
2026-05-20 23:41:37,232 INFO o.a.j.t.JMeterThread: Thread finished: Thread Group 1-51
2026-05-20 23:41:37,236 INFO o.a.j.t.JMeterThread: Thread is done: Thread Group 1-62
2026-05-20 23:41:37,236 INFO o.a.j.t.JMeterThread: Thread finished: Thread Group 1-62
2026-05-20 23:41:37,238 INFO o.a.j.t.JMeterThread: Thread is done: Thread Group 1-14
2026-05-20 23:41:37,238 INFO o.a.j.t.JMeterThread: Thread is done: Thread Group 1-19
2026-05-20 23:41:37,238 INFO o.a.j.t.JMeterThread: Thread finished: Thread Group 1-14
2026-05-20 23:41:37,238 INFO o.a.j.t.JMeterThread: Thread finished: Thread Group 1-19
2026-05-20 23:41:37,238 INFO o.a.j.t.JMeterThread: Thread is done: Thread Group 1-55
2026-05-20 23:41:37,238 INFO o.a.j.t.JMeterThread: Thread finished: Thread Group 1-55
2026-05-20 23:41:37,244 INFO o.a.j.t.JMeterThread: Thread is done: Thread Group 1-57
2026-05-20 23:41:37,245 INFO o.a.j.t.JMeterThread: Thread finished: Thread Group 1-57
2026-05-20 23:41:37,275 INFO o.a.j.t.JMeterThread: Thread is done: Thread Group 1-39
2026-05-20 23:41:37,275 INFO o.a.j.t.JMeterThread: Thread is done: Thread Group 1-11
2026-05-20 23:41:37,275 INFO o.a.j.t.JMeterThread: Thread finished: Thread Group 1-39
2026-05-20 23:41:37,275 INFO o.a.j.t.JMeterThread: Thread finished: Thread Group 1-11
2026-05-20 23:41:37,370 INFO o.a.j.t.JMeterThread: Thread is done: Thread Group 1-43
2026-05-20 23:41:37,370 INFO o.a.j.t.JMeterThread: Thread finished: Thread Group 1-43
2026-05-20 23:41:37,380 INFO o.a.j.t.JMeterThread: Thread is done: Thread Group 1-28
2026-05-20 23:41:37,380 INFO o.a.j.t.JMeterThread: Thread finished: Thread Group 1-28
2026-05-20 23:41:37,442 INFO o.a.j.t.JMeterThread: Thread is done: Thread Group 1-79
2026-05-20 23:41:37,442 INFO o.a.j.t.JMeterThread: Thread finished: Thread Group 1-79
2026-05-20 23:41:37,460 INFO o.a.j.t.JMeterThread: Thread is done: Thread Group 1-17
2026-05-20 23:41:37,460 INFO o.a.j.t.JMeterThread: Thread is done: Thread Group 1-37
2026-05-20 23:41:37,460 INFO o.a.j.t.JMeterThread: Thread is done: Thread Group 1-74
2026-05-20 23:41:37,460 INFO o.a.j.t.JMeterThread: Thread finished: Thread Group 1-37
2026-05-20 23:41:37,460 INFO o.a.j.t.JMeterThread: Thread finished: Thread Group 1-17
2026-05-20 23:41:37,460 INFO o.a.j.t.JMeterThread: Thread finished: Thread Group 1-74
2026-05-20 23:41:37,478 INFO o.a.j.t.JMeterThread: Thread is done: Thread Group 1-80
2026-05-20 23:41:37,478 INFO o.a.j.t.JMeterThread: Thread finished: Thread Group 1-80
2026-05-20 23:41:37,483 INFO o.a.j.t.JMeterThread: Thread is done: Thread Group 1-33
2026-05-20 23:41:37,483 INFO o.a.j.t.JMeterThread: Thread finished: Thread Group 1-33
2026-05-20 23:41:37,553 INFO o.a.j.t.JMeterThread: Thread is done: Thread Group 1-25
2026-05-20 23:41:37,554 INFO o.a.j.t.JMeterThread: Thread finished: Thread Group 1-25
2026-05-20 23:41:37,587 INFO o.a.j.t.JMeterThread: Thread is done: Thread Group 1-59
2026-05-20 23:41:37,588 INFO o.a.j.t.JMeterThread: Thread finished: Thread Group 1-59
2026-05-20 23:41:37,621 INFO o.a.j.t.JMeterThread: Thread is done: Thread Group 1-90
2026-05-20 23:41:37,621 INFO o.a.j.t.JMeterThread: Thread finished: Thread Group 1-90
2026-05-20 23:41:37,640 INFO o.a.j.t.JMeterThread: Thread is done: Thread Group 1-83
2026-05-20 23:41:37,640 INFO o.a.j.t.JMeterThread: Thread finished: Thread Group 1-83
2026-05-20 23:41:37,718 INFO o.a.j.t.JMeterThread: Thread is done: Thread Group 1-76
2026-05-20 23:41:37,718 INFO o.a.j.t.JMeterThread: Thread finished: Thread Group 1-76
2026-05-20 23:41:37,737 INFO o.a.j.t.JMeterThread: Thread is done: Thread Group 1-49
2026-05-20 23:41:37,737 INFO o.a.j.t.JMeterThread: Thread finished: Thread Group 1-49
2026-05-20 23:41:37,779 INFO o.a.j.t.JMeterThread: Thread is done: Thread Group 1-77
2026-05-20 23:41:37,779 INFO o.a.j.t.JMeterThread: Thread is done: Thread Group 1-66
2026-05-20 23:41:37,779 INFO o.a.j.t.JMeterThread: Thread finished: Thread Group 1-77
2026-05-20 23:41:37,779 INFO o.a.j.t.JMeterThread: Thread is done: Thread Group 1-88
2026-05-20 23:41:37,779 INFO o.a.j.t.JMeterThread: Thread finished: Thread Group 1-88
2026-05-20 23:41:37,779 INFO o.a.j.t.JMeterThread: Thread finished: Thread Group 1-66
2026-05-20 23:41:37,799 INFO o.a.j.t.JMeterThread: Thread is done: Thread Group 1-20
2026-05-20 23:41:37,799 INFO o.a.j.t.JMeterThread: Thread finished: Thread Group 1-20
2026-05-20 23:41:37,801 INFO o.a.j.t.JMeterThread: Thread is done: Thread Group 1-81
2026-05-20 23:41:37,801 INFO o.a.j.t.JMeterThread: Thread finished: Thread Group 1-81
2026-05-20 23:41:37,817 INFO o.a.j.t.JMeterThread: Thread is done: Thread Group 1-69
2026-05-20 23:41:37,817 INFO o.a.j.t.JMeterThread: Thread finished: Thread Group 1-69
2026-05-20 23:41:37,839 INFO o.a.j.t.JMeterThread: Thread is done: Thread Group 1-4
2026-05-20 23:41:37,839 INFO o.a.j.t.JMeterThread: Thread finished: Thread Group 1-4
2026-05-20 23:41:37,843 INFO o.a.j.t.JMeterThread: Thread is done: Thread Group 1-21
2026-05-20 23:41:37,844 INFO o.a.j.t.JMeterThread: Thread finished: Thread Group 1-21
2026-05-20 23:41:37,855 INFO o.a.j.t.JMeterThread: Thread is done: Thread Group 1-35
2026-05-20 23:41:37,855 INFO o.a.j.t.JMeterThread: Thread finished: Thread Group 1-35
2026-05-20 23:41:37,865 INFO o.a.j.t.JMeterThread: Thread is done: Thread Group 1-82
2026-05-20 23:41:37,865 INFO o.a.j.t.JMeterThread: Thread finished: Thread Group 1-82
2026-05-20 23:41:37,867 INFO o.a.j.t.JMeterThread: Thread is done: Thread Group 1-84
2026-05-20 23:41:37,867 INFO o.a.j.t.JMeterThread: Thread finished: Thread Group 1-84
2026-05-20 23:41:37,923 INFO o.a.j.t.JMeterThread: Thread is done: Thread Group 1-63
2026-05-20 23:41:37,923 INFO o.a.j.t.JMeterThread: Thread finished: Thread Group 1-63
2026-05-20 23:41:37,996 INFO o.a.j.t.JMeterThread: Thread is done: Thread Group 1-97
2026-05-20 23:41:37,996 INFO o.a.j.t.JMeterThread: Thread finished: Thread Group 1-97
2026-05-20 23:41:38,012 INFO o.a.j.t.JMeterThread: Thread is done: Thread Group 1-87
2026-05-20 23:41:38,012 INFO o.a.j.t.JMeterThread: Thread finished: Thread Group 1-87
2026-05-20 23:41:38,048 INFO o.a.j.t.JMeterThread: Thread is done: Thread Group 1-86
2026-05-20 23:41:38,048 INFO o.a.j.t.JMeterThread: Thread finished: Thread Group 1-86
2026-05-20 23:41:38,050 INFO o.a.j.t.JMeterThread: Thread is done: Thread Group 1-72
2026-05-20 23:41:38,050 INFO o.a.j.t.JMeterThread: Thread finished: Thread Group 1-72
2026-05-20 23:41:38,074 INFO o.a.j.t.JMeterThread: Thread is done: Thread Group 1-95
2026-05-20 23:41:38,074 INFO o.a.j.t.JMeterThread: Thread finished: Thread Group 1-95
2026-05-20 23:41:38,293 INFO o.a.j.t.JMeterThread: Thread is done: Thread Group 1-112
2026-05-20 23:41:38,293 INFO o.a.j.t.JMeterThread: Thread finished: Thread Group 1-112
2026-05-20 23:41:38,335 INFO o.a.j.t.JMeterThread: Thread is done: Thread Group 1-75
2026-05-20 23:41:38,335 INFO o.a.j.t.JMeterThread: Thread finished: Thread Group 1-75
2026-05-20 23:41:38,341 INFO o.a.j.t.JMeterThread: Thread is done: Thread Group 1-105
2026-05-20 23:41:38,341 INFO o.a.j.t.JMeterThread: Thread finished: Thread Group 1-105
2026-05-20 23:41:38,349 INFO o.a.j.t.JMeterThread: Thread is done: Thread Group 1-104
2026-05-20 23:41:38,350 INFO o.a.j.t.JMeterThread: Thread finished: Thread Group 1-104
2026-05-20 23:41:38,369 INFO o.a.j.t.JMeterThread: Thread is done: Thread Group 1-100
2026-05-20 23:41:38,369 INFO o.a.j.t.JMeterThread: Thread finished: Thread Group 1-100
2026-05-20 23:41:38,378 INFO o.a.j.t.JMeterThread: Thread is done: Thread Group 1-99
2026-05-20 23:41:38,378 INFO o.a.j.t.JMeterThread: Thread finished: Thread Group 1-99
2026-05-20 23:41:38,402 INFO o.a.j.t.JMeterThread: Thread is done: Thread Group 1-58
2026-05-20 23:41:38,402 INFO o.a.j.t.JMeterThread: Thread finished: Thread Group 1-58
2026-05-20 23:41:38,404 INFO o.a.j.t.JMeterThread: Thread is done: Thread Group 1-71
2026-05-20 23:41:38,404 INFO o.a.j.t.JMeterThread: Thread finished: Thread Group 1-71
2026-05-20 23:41:38,410 INFO o.a.j.t.JMeterThread: Thread is done: Thread Group 1-98
2026-05-20 23:41:38,410 INFO o.a.j.t.JMeterThread: Thread finished: Thread Group 1-98
2026-05-20 23:41:38,433 INFO o.a.j.t.JMeterThread: Thread is done: Thread Group 1-129
2026-05-20 23:41:38,433 INFO o.a.j.t.JMeterThread: Thread finished: Thread Group 1-129
2026-05-20 23:41:38,559 INFO o.a.j.t.JMeterThread: Thread is done: Thread Group 1-145
2026-05-20 23:41:38,559 INFO o.a.j.t.JMeterThread: Thread finished: Thread Group 1-145
2026-05-20 23:41:38,610 INFO o.a.j.t.JMeterThread: Thread is done: Thread Group 1-92
2026-05-20 23:41:38,610 INFO o.a.j.t.JMeterThread: Thread finished: Thread Group 1-92
2026-05-20 23:41:38,678 INFO o.a.j.t.JMeterThread: Thread is done: Thread Group 1-111
2026-05-20 23:41:38,678 INFO o.a.j.t.JMeterThread: Thread finished: Thread Group 1-111
2026-05-20 23:41:38,705 INFO o.a.j.t.JMeterThread: Thread is done: Thread Group 1-125
2026-05-20 23:41:38,705 INFO o.a.j.t.JMeterThread: Thread finished: Thread Group 1-125
2026-05-20 23:41:38,713 INFO o.a.j.t.JMeterThread: Thread is done: Thread Group 1-107
2026-05-20 23:41:38,713 INFO o.a.j.t.JMeterThread: Thread is done: Thread Group 1-108
2026-05-20 23:41:38,713 INFO o.a.j.t.JMeterThread: Thread finished: Thread Group 1-107
2026-05-20 23:41:38,713 INFO o.a.j.t.JMeterThread: Thread finished: Thread Group 1-108
2026-05-20 23:41:38,737 INFO o.a.j.t.JMeterThread: Thread is done: Thread Group 1-93
2026-05-20 23:41:38,737 INFO o.a.j.t.JMeterThread: Thread finished: Thread Group 1-93
2026-05-20 23:41:38,765 INFO o.a.j.t.JMeterThread: Thread is done: Thread Group 1-68
2026-05-20 23:41:38,765 INFO o.a.j.t.JMeterThread: Thread finished: Thread Group 1-68
2026-05-20 23:41:38,775 INFO o.a.j.t.JMeterThread: Thread is done: Thread Group 1-134
2026-05-20 23:41:38,775 INFO o.a.j.t.JMeterThread: Thread is done: Thread Group 1-138
2026-05-20 23:41:38,775 INFO o.a.j.t.JMeterThread: Thread finished: Thread Group 1-138
2026-05-20 23:41:38,775 INFO o.a.j.t.JMeterThread: Thread finished: Thread Group 1-134
2026-05-20 23:41:38,846 INFO o.a.j.t.JMeterThread: Thread is done: Thread Group 1-130
2026-05-20 23:41:38,846 INFO o.a.j.t.JMeterThread: Thread finished: Thread Group 1-130
2026-05-20 23:41:38,846 INFO o.a.j.t.JMeterThread: Thread is done: Thread Group 1-132
2026-05-20 23:41:38,846 INFO o.a.j.t.JMeterThread: Thread finished: Thread Group 1-132
2026-05-20 23:41:38,852 INFO o.a.j.t.JMeterThread: Thread is done: Thread Group 1-103
2026-05-20 23:41:38,852 INFO o.a.j.t.JMeterThread: Thread finished: Thread Group 1-103
2026-05-20 23:41:38,852 INFO o.a.j.t.JMeterThread: Thread is done: Thread Group 1-102
2026-05-20 23:41:38,852 INFO o.a.j.t.JMeterThread: Thread finished: Thread Group 1-102
2026-05-20 23:41:38,940 INFO o.a.j.t.JMeterThread: Thread is done: Thread Group 1-157
2026-05-20 23:41:38,940 INFO o.a.j.t.JMeterThread: Thread finished: Thread Group 1-157
2026-05-20 23:41:38,956 INFO o.a.j.t.JMeterThread: Thread is done: Thread Group 1-121
2026-05-20 23:41:38,956 INFO o.a.j.t.JMeterThread: Thread finished: Thread Group 1-121
2026-05-20 23:41:38,982 INFO o.a.j.t.JMeterThread: Thread is done: Thread Group 1-149
2026-05-20 23:41:38,982 INFO o.a.j.t.JMeterThread: Thread finished: Thread Group 1-149
2026-05-20 23:41:39,034 INFO o.a.j.t.JMeterThread: Thread is done: Thread Group 1-133
2026-05-20 23:41:39,034 INFO o.a.j.t.JMeterThread: Thread finished: Thread Group 1-133
2026-05-20 23:41:39,073 INFO o.a.j.t.JMeterThread: Thread is done: Thread Group 1-122
2026-05-20 23:41:39,073 INFO o.a.j.t.JMeterThread: Thread finished: Thread Group 1-122
2026-05-20 23:41:39,073 INFO o.a.j.t.JMeterThread: Thread is done: Thread Group 1-136
2026-05-20 23:41:39,073 INFO o.a.j.t.JMeterThread: Thread finished: Thread Group 1-136
2026-05-20 23:41:39,079 INFO o.a.j.t.JMeterThread: Thread is done: Thread Group 1-119
2026-05-20 23:41:39,079 INFO o.a.j.t.JMeterThread: Thread finished: Thread Group 1-119
2026-05-20 23:41:39,119 INFO o.a.j.t.JMeterThread: Thread is done: Thread Group 1-120
2026-05-20 23:41:39,120 INFO o.a.j.t.JMeterThread: Thread finished: Thread Group 1-120
2026-05-20 23:41:39,145 INFO o.a.j.t.JMeterThread: Thread is done: Thread Group 1-144
2026-05-20 23:41:39,145 INFO o.a.j.t.JMeterThread: Thread finished: Thread Group 1-144
2026-05-20 23:41:39,195 INFO o.a.j.t.JMeterThread: Thread is done: Thread Group 1-123
2026-05-20 23:41:39,196 INFO o.a.j.t.JMeterThread: Thread finished: Thread Group 1-123
2026-05-20 23:41:39,206 INFO o.a.j.t.JMeterThread: Thread is done: Thread Group 1-150
2026-05-20 23:41:39,210 INFO o.a.j.t.JMeterThread: Thread finished: Thread Group 1-150
2026-05-20 23:41:39,215 INFO o.a.j.t.JMeterThread: Thread is done: Thread Group 1-158
2026-05-20 23:41:39,215 INFO o.a.j.t.JMeterThread: Thread finished: Thread Group 1-158
2026-05-20 23:41:39,225 INFO o.a.j.t.JMeterThread: Thread is done: Thread Group 1-127
2026-05-20 23:41:39,225 INFO o.a.j.t.JMeterThread: Thread finished: Thread Group 1-127
2026-05-20 23:41:39,313 INFO o.a.j.t.JMeterThread: Thread is done: Thread Group 1-116
2026-05-20 23:41:39,313 INFO o.a.j.t.JMeterThread: Thread finished: Thread Group 1-116
2026-05-20 23:41:39,350 INFO o.a.j.t.JMeterThread: Thread is done: Thread Group 1-124
2026-05-20 23:41:39,350 INFO o.a.j.t.JMeterThread: Thread finished: Thread Group 1-124
2026-05-20 23:41:39,352 INFO o.a.j.t.JMeterThread: Thread is done: Thread Group 1-131
2026-05-20 23:41:39,352 INFO o.a.j.t.JMeterThread: Thread finished: Thread Group 1-131
2026-05-20 23:41:39,379 INFO o.a.j.t.JMeterThread: Thread is done: Thread Group 1-117
2026-05-20 23:41:39,380 INFO o.a.j.t.JMeterThread: Thread finished: Thread Group 1-117
2026-05-20 23:41:39,384 INFO o.a.j.t.JMeterThread: Thread is done: Thread Group 1-165
2026-05-20 23:41:39,384 INFO o.a.j.t.JMeterThread: Thread finished: Thread Group 1-165
2026-05-20 23:41:39,391 INFO o.a.j.t.JMeterThread: Thread is done: Thread Group 1-180
2026-05-20 23:41:39,391 INFO o.a.j.t.JMeterThread: Thread finished: Thread Group 1-180
2026-05-20 23:41:39,401 INFO o.a.j.t.JMeterThread: Thread is done: Thread Group 1-168
2026-05-20 23:41:39,401 INFO o.a.j.t.JMeterThread: Thread finished: Thread Group 1-168
2026-05-20 23:41:39,484 INFO o.a.j.t.JMeterThread: Thread is done: Thread Group 1-164
2026-05-20 23:41:39,484 INFO o.a.j.t.JMeterThread: Thread finished: Thread Group 1-164
2026-05-20 23:41:39,486 INFO o.a.j.t.JMeterThread: Thread is done: Thread Group 1-140
2026-05-20 23:41:39,486 INFO o.a.j.t.JMeterThread: Thread finished: Thread Group 1-140
2026-05-20 23:41:39,520 INFO o.a.j.t.JMeterThread: Thread is done: Thread Group 1-114
2026-05-20 23:41:39,520 INFO o.a.j.t.JMeterThread: Thread finished: Thread Group 1-114
2026-05-20 23:41:39,534 INFO o.a.j.t.JMeterThread: Thread is done: Thread Group 1-161
2026-05-20 23:41:39,534 INFO o.a.j.t.JMeterThread: Thread finished: Thread Group 1-161
2026-05-20 23:41:39,534 INFO o.a.j.t.JMeterThread: Thread is done: Thread Group 1-170
2026-05-20 23:41:39,534 INFO o.a.j.t.JMeterThread: Thread finished: Thread Group 1-170
2026-05-20 23:41:39,567 INFO o.a.j.t.JMeterThread: Thread is done: Thread Group 1-143
2026-05-20 23:41:39,568 INFO o.a.j.t.JMeterThread: Thread finished: Thread Group 1-143
2026-05-20 23:41:39,597 INFO o.a.j.t.JMeterThread: Thread is done: Thread Group 1-196
2026-05-20 23:41:39,597 INFO o.a.j.t.JMeterThread: Thread finished: Thread Group 1-196
2026-05-20 23:41:39,599 INFO o.a.j.t.JMeterThread: Thread is done: Thread Group 1-147
2026-05-20 23:41:39,599 INFO o.a.j.t.JMeterThread: Thread finished: Thread Group 1-147
2026-05-20 23:41:39,627 INFO o.a.j.t.JMeterThread: Thread is done: Thread Group 1-175
2026-05-20 23:41:39,628 INFO o.a.j.t.JMeterThread: Thread finished: Thread Group 1-175
2026-05-20 23:41:39,651 INFO o.a.j.t.JMeterThread: Thread is done: Thread Group 1-96
2026-05-20 23:41:39,651 INFO o.a.j.t.JMeterThread: Thread finished: Thread Group 1-96
2026-05-20 23:41:39,702 INFO o.a.j.t.JMeterThread: Thread is done: Thread Group 1-191
2026-05-20 23:41:39,702 INFO o.a.j.t.JMeterThread: Thread is done: Thread Group 1-185
2026-05-20 23:41:39,702 INFO o.a.j.t.JMeterThread: Thread finished: Thread Group 1-191
2026-05-20 23:41:39,702 INFO o.a.j.t.JMeterThread: Thread finished: Thread Group 1-185
2026-05-20 23:41:39,710 INFO o.a.j.t.JMeterThread: Thread is done: Thread Group 1-192
2026-05-20 23:41:39,710 INFO o.a.j.t.JMeterThread: Thread finished: Thread Group 1-192
2026-05-20 23:41:39,754 INFO o.a.j.t.JMeterThread: Thread is done: Thread Group 1-176
2026-05-20 23:41:39,754 INFO o.a.j.t.JMeterThread: Thread finished: Thread Group 1-176
2026-05-20 23:41:39,790 INFO o.a.j.t.JMeterThread: Thread is done: Thread Group 1-151
2026-05-20 23:41:39,790 INFO o.a.j.t.JMeterThread: Thread finished: Thread Group 1-151
2026-05-20 23:41:39,810 INFO o.a.j.t.JMeterThread: Thread is done: Thread Group 1-195
2026-05-20 23:41:39,810 INFO o.a.j.t.JMeterThread: Thread finished: Thread Group 1-195
2026-05-20 23:41:39,842 INFO o.a.j.t.JMeterThread: Thread is done: Thread Group 1-142
2026-05-20 23:41:39,842 INFO o.a.j.t.JMeterThread: Thread finished: Thread Group 1-142
2026-05-20 23:41:39,891 INFO o.a.j.t.JMeterThread: Thread is done: Thread Group 1-184
2026-05-20 23:41:39,892 INFO o.a.j.t.JMeterThread: Thread finished: Thread Group 1-184
2026-05-20 23:41:39,951 INFO o.a.j.t.JMeterThread: Thread is done: Thread Group 1-189
2026-05-20 23:41:39,951 INFO o.a.j.t.JMeterThread: Thread finished: Thread Group 1-189
2026-05-20 23:41:40,003 INFO o.a.j.t.JMeterThread: Thread is done: Thread Group 1-155
2026-05-20 23:41:40,004 INFO o.a.j.t.JMeterThread: Thread finished: Thread Group 1-155
2026-05-20 23:41:40,005 INFO o.a.j.t.JMeterThread: Thread is done: Thread Group 1-193
2026-05-20 23:41:40,005 INFO o.a.j.t.JMeterThread: Thread finished: Thread Group 1-193
2026-05-20 23:41:40,011 INFO o.a.j.t.JMeterThread: Thread is done: Thread Group 1-194
2026-05-20 23:41:40,011 INFO o.a.j.t.JMeterThread: Thread finished: Thread Group 1-194
2026-05-20 23:41:40,015 INFO o.a.j.t.JMeterThread: Thread is done: Thread Group 1-199
2026-05-20 23:41:40,015 INFO o.a.j.t.JMeterThread: Thread finished: Thread Group 1-199
2026-05-20 23:41:40,058 INFO o.a.j.t.JMeterThread: Thread is done: Thread Group 1-182
2026-05-20 23:41:40,058 INFO o.a.j.t.JMeterThread: Thread finished: Thread Group 1-182
2026-05-20 23:41:40,074 INFO o.a.j.t.JMeterThread: Thread is done: Thread Group 1-169
2026-05-20 23:41:40,074 INFO o.a.j.t.JMeterThread: Thread finished: Thread Group 1-169
2026-05-20 23:41:40,127 INFO o.a.j.t.JMeterThread: Thread is done: Thread Group 1-186
2026-05-20 23:41:40,127 INFO o.a.j.t.JMeterThread: Thread finished: Thread Group 1-186
2026-05-20 23:41:40,170 INFO o.a.j.t.JMeterThread: Thread is done: Thread Group 1-179
2026-05-20 23:41:40,170 INFO o.a.j.t.JMeterThread: Thread finished: Thread Group 1-179
2026-05-20 23:41:40,177 INFO o.a.j.t.JMeterThread: Thread is done: Thread Group 1-197
2026-05-20 23:41:40,177 INFO o.a.j.t.JMeterThread: Thread finished: Thread Group 1-197
2026-05-20 23:41:40,237 INFO o.a.j.t.JMeterThread: Thread is done: Thread Group 1-152
2026-05-20 23:41:40,237 INFO o.a.j.t.JMeterThread: Thread finished: Thread Group 1-152
2026-05-20 23:41:40,278 INFO o.a.j.t.JMeterThread: Thread is done: Thread Group 1-198
2026-05-20 23:41:40,278 INFO o.a.j.t.JMeterThread: Thread finished: Thread Group 1-198
2026-05-20 23:41:40,315 INFO o.a.j.t.JMeterThread: Thread is done: Thread Group 1-188
2026-05-20 23:41:40,315 INFO o.a.j.t.JMeterThread: Thread finished: Thread Group 1-188
2026-05-20 23:41:40,398 INFO o.a.j.t.JMeterThread: Thread is done: Thread Group 1-177
2026-05-20 23:41:40,398 INFO o.a.j.t.JMeterThread: Thread finished: Thread Group 1-177
2026-05-20 23:41:40,817 INFO o.a.j.t.JMeterThread: Thread is done: Thread Group 1-178
2026-05-20 23:41:40,817 INFO o.a.j.t.JMeterThread: Thread finished: Thread Group 1-178
2026-05-20 23:41:54,875 INFO o.a.j.t.JMeterThread: Thread is done: Thread Group 1-23
2026-05-20 23:41:54,875 INFO o.a.j.t.JMeterThread: Thread finished: Thread Group 1-23
2026-05-20 23:42:01,698 INFO o.a.j.r.Summariser: summary +   6220 in 00:00:32 =  196.2/s Avg:   219 Min:   111 Max: 30128 Err:  3118 (50.13%) Active: 62 Started: 200 Finished: 138
2026-05-20 23:42:01,699 INFO o.a.j.r.Summariser: summary =   6530 in 00:00:35 =  188.7/s Avg:   228 Min:   111 Max: 30128 Err:  3252 (49.80%)
2026-05-20 23:42:04,531 INFO o.a.j.t.JMeterThread: Thread is done: Thread Group 1-6
2026-05-20 23:42:04,531 INFO o.a.j.t.JMeterThread: Thread finished: Thread Group 1-6
2026-05-20 23:42:04,889 INFO o.a.j.t.JMeterThread: Thread is done: Thread Group 1-1
2026-05-20 23:42:04,889 INFO o.a.j.t.JMeterThread: Thread finished: Thread Group 1-1
2026-05-20 23:42:05,068 INFO o.a.j.t.JMeterThread: Thread is done: Thread Group 1-3
2026-05-20 23:42:05,068 INFO o.a.j.t.JMeterThread: Thread finished: Thread Group 1-3
2026-05-20 23:42:05,290 INFO o.a.j.t.JMeterThread: Thread is done: Thread Group 1-56
2026-05-20 23:42:05,290 INFO o.a.j.t.JMeterThread: Thread finished: Thread Group 1-56
2026-05-20 23:42:05,627 INFO o.a.j.t.JMeterThread: Thread is done: Thread Group 1-29
2026-05-20 23:42:05,627 INFO o.a.j.t.JMeterThread: Thread finished: Thread Group 1-29
2026-05-20 23:42:05,694 INFO o.a.j.t.JMeterThread: Thread is done: Thread Group 1-52
2026-05-20 23:42:05,694 INFO o.a.j.t.JMeterThread: Thread finished: Thread Group 1-52
2026-05-20 23:42:05,700 INFO o.a.j.t.JMeterThread: Thread is done: Thread Group 1-78
2026-05-20 23:42:05,700 INFO o.a.j.t.JMeterThread: Thread finished: Thread Group 1-78
2026-05-20 23:42:05,841 INFO o.a.j.t.JMeterThread: Thread is done: Thread Group 1-47
2026-05-20 23:42:05,841 INFO o.a.j.t.JMeterThread: Thread finished: Thread Group 1-47
2026-05-20 23:42:05,857 INFO o.a.j.t.JMeterThread: Thread is done: Thread Group 1-18
2026-05-20 23:42:05,857 INFO o.a.j.t.JMeterThread: Thread finished: Thread Group 1-18
2026-05-20 23:42:05,913 INFO o.a.j.t.JMeterThread: Thread is done: Thread Group 1-15
2026-05-20 23:42:05,913 INFO o.a.j.t.JMeterThread: Thread finished: Thread Group 1-15
2026-05-20 23:42:05,944 INFO o.a.j.t.JMeterThread: Thread is done: Thread Group 1-2
2026-05-20 23:42:05,944 INFO o.a.j.t.JMeterThread: Thread finished: Thread Group 1-2
2026-05-20 23:42:05,958 INFO o.a.j.t.JMeterThread: Thread is done: Thread Group 1-89
2026-05-20 23:42:05,958 INFO o.a.j.t.JMeterThread: Thread finished: Thread Group 1-89
2026-05-20 23:42:05,976 INFO o.a.j.t.JMeterThread: Thread is done: Thread Group 1-38
2026-05-20 23:42:05,977 INFO o.a.j.t.JMeterThread: Thread finished: Thread Group 1-38
2026-05-20 23:42:05,984 INFO o.a.j.t.JMeterThread: Thread is done: Thread Group 1-32
2026-05-20 23:42:05,985 INFO o.a.j.t.JMeterThread: Thread finished: Thread Group 1-32
2026-05-20 23:42:05,988 INFO o.a.j.t.JMeterThread: Thread is done: Thread Group 1-7
2026-05-20 23:42:05,988 INFO o.a.j.t.JMeterThread: Thread finished: Thread Group 1-7
2026-05-20 23:42:06,103 INFO o.a.j.t.JMeterThread: Thread is done: Thread Group 1-85
2026-05-20 23:42:06,103 INFO o.a.j.t.JMeterThread: Thread finished: Thread Group 1-85
2026-05-20 23:42:06,139 INFO o.a.j.t.JMeterThread: Thread is done: Thread Group 1-26
2026-05-20 23:42:06,139 INFO o.a.j.t.JMeterThread: Thread finished: Thread Group 1-26
2026-05-20 23:42:06,387 INFO o.a.j.t.JMeterThread: Thread is done: Thread Group 1-73
2026-05-20 23:42:06,387 INFO o.a.j.t.JMeterThread: Thread finished: Thread Group 1-73
2026-05-20 23:42:06,481 INFO o.a.j.t.JMeterThread: Thread is done: Thread Group 1-31
2026-05-20 23:42:06,481 INFO o.a.j.t.JMeterThread: Thread finished: Thread Group 1-31
2026-05-20 23:42:06,494 INFO o.a.j.t.JMeterThread: Thread is done: Thread Group 1-70
2026-05-20 23:42:06,495 INFO o.a.j.t.JMeterThread: Thread finished: Thread Group 1-70
2026-05-20 23:42:06,528 INFO o.a.j.t.JMeterThread: Thread is done: Thread Group 1-8
2026-05-20 23:42:06,529 INFO o.a.j.t.JMeterThread: Thread finished: Thread Group 1-8
2026-05-20 23:42:06,545 INFO o.a.j.t.JMeterThread: Thread is done: Thread Group 1-64
2026-05-20 23:42:06,545 INFO o.a.j.t.JMeterThread: Thread finished: Thread Group 1-64
2026-05-20 23:42:06,865 INFO o.a.j.t.JMeterThread: Thread is done: Thread Group 1-91
2026-05-20 23:42:06,865 INFO o.a.j.t.JMeterThread: Thread is done: Thread Group 1-148
2026-05-20 23:42:06,865 INFO o.a.j.t.JMeterThread: Thread finished: Thread Group 1-91
2026-05-20 23:42:06,865 INFO o.a.j.t.JMeterThread: Thread finished: Thread Group 1-148
2026-05-20 23:42:06,902 INFO o.a.j.t.JMeterThread: Thread is done: Thread Group 1-137
2026-05-20 23:42:06,902 INFO o.a.j.t.JMeterThread: Thread finished: Thread Group 1-137
2026-05-20 23:42:06,993 INFO o.a.j.t.JMeterThread: Thread is done: Thread Group 1-16
2026-05-20 23:42:06,993 INFO o.a.j.t.JMeterThread: Thread finished: Thread Group 1-16
2026-05-20 23:42:07,001 INFO o.a.j.t.JMeterThread: Thread is done: Thread Group 1-109
2026-05-20 23:42:07,001 INFO o.a.j.t.JMeterThread: Thread finished: Thread Group 1-109
2026-05-20 23:42:07,052 INFO o.a.j.t.JMeterThread: Thread is done: Thread Group 1-13
2026-05-20 23:42:07,053 INFO o.a.j.t.JMeterThread: Thread finished: Thread Group 1-13
2026-05-20 23:42:07,074 INFO o.a.j.t.JMeterThread: Thread is done: Thread Group 1-22
2026-05-20 23:42:07,074 INFO o.a.j.t.JMeterThread: Thread finished: Thread Group 1-22
2026-05-20 23:42:07,141 INFO o.a.j.t.JMeterThread: Thread is done: Thread Group 1-34
2026-05-20 23:42:07,141 INFO o.a.j.t.JMeterThread: Thread finished: Thread Group 1-34
2026-05-20 23:42:07,258 INFO o.a.j.t.JMeterThread: Thread is done: Thread Group 1-162
2026-05-20 23:42:07,258 INFO o.a.j.t.JMeterThread: Thread finished: Thread Group 1-162
2026-05-20 23:42:07,284 INFO o.a.j.t.JMeterThread: Thread is done: Thread Group 1-94
2026-05-20 23:42:07,284 INFO o.a.j.t.JMeterThread: Thread finished: Thread Group 1-94
2026-05-20 23:42:07,316 INFO o.a.j.t.JMeterThread: Thread is done: Thread Group 1-24
2026-05-20 23:42:07,316 INFO o.a.j.t.JMeterThread: Thread finished: Thread Group 1-24
2026-05-20 23:42:07,329 INFO o.a.j.t.JMeterThread: Thread is done: Thread Group 1-128
2026-05-20 23:42:07,331 INFO o.a.j.t.JMeterThread: Thread finished: Thread Group 1-128
2026-05-20 23:42:07,398 INFO o.a.j.t.JMeterThread: Thread is done: Thread Group 1-139
2026-05-20 23:42:07,399 INFO o.a.j.t.JMeterThread: Thread finished: Thread Group 1-139
2026-05-20 23:42:07,502 INFO o.a.j.t.JMeterThread: Thread is done: Thread Group 1-113
2026-05-20 23:42:07,502 INFO o.a.j.t.JMeterThread: Thread is done: Thread Group 1-159
2026-05-20 23:42:07,502 INFO o.a.j.t.JMeterThread: Thread finished: Thread Group 1-113
2026-05-20 23:42:07,502 INFO o.a.j.t.JMeterThread: Thread finished: Thread Group 1-159
2026-05-20 23:42:07,514 INFO o.a.j.t.JMeterThread: Thread is done: Thread Group 1-135
2026-05-20 23:42:07,515 INFO o.a.j.t.JMeterThread: Thread finished: Thread Group 1-135
2026-05-20 23:42:07,527 INFO o.a.j.t.JMeterThread: Thread is done: Thread Group 1-141
2026-05-20 23:42:07,527 INFO o.a.j.t.JMeterThread: Thread finished: Thread Group 1-141
2026-05-20 23:42:07,621 INFO o.a.j.t.JMeterThread: Thread is done: Thread Group 1-166
2026-05-20 23:42:07,621 INFO o.a.j.t.JMeterThread: Thread finished: Thread Group 1-166
2026-05-20 23:42:07,638 INFO o.a.j.t.JMeterThread: Thread is done: Thread Group 1-115
2026-05-20 23:42:07,638 INFO o.a.j.t.JMeterThread: Thread finished: Thread Group 1-115
2026-05-20 23:42:07,690 INFO o.a.j.t.JMeterThread: Thread is done: Thread Group 1-106
2026-05-20 23:42:07,691 INFO o.a.j.t.JMeterThread: Thread finished: Thread Group 1-106
2026-05-20 23:42:07,796 INFO o.a.j.t.JMeterThread: Thread is done: Thread Group 1-153
2026-05-20 23:42:07,796 INFO o.a.j.t.JMeterThread: Thread finished: Thread Group 1-153
2026-05-20 23:42:07,866 INFO o.a.j.t.JMeterThread: Thread is done: Thread Group 1-160
2026-05-20 23:42:07,866 INFO o.a.j.t.JMeterThread: Thread finished: Thread Group 1-160
2026-05-20 23:42:07,920 INFO o.a.j.t.JMeterThread: Thread is done: Thread Group 1-171
2026-05-20 23:42:07,920 INFO o.a.j.t.JMeterThread: Thread finished: Thread Group 1-171
2026-05-20 23:42:08,006 INFO o.a.j.t.JMeterThread: Thread is done: Thread Group 1-174
2026-05-20 23:42:08,007 INFO o.a.j.t.JMeterThread: Thread finished: Thread Group 1-174
2026-05-20 23:42:08,044 INFO o.a.j.t.JMeterThread: Thread is done: Thread Group 1-156
2026-05-20 23:42:08,044 INFO o.a.j.t.JMeterThread: Thread finished: Thread Group 1-156
2026-05-20 23:42:08,125 INFO o.a.j.t.JMeterThread: Thread is done: Thread Group 1-181
2026-05-20 23:42:08,125 INFO o.a.j.t.JMeterThread: Thread finished: Thread Group 1-181
2026-05-20 23:42:08,180 INFO o.a.j.t.JMeterThread: Thread is done: Thread Group 1-172
2026-05-20 23:42:08,181 INFO o.a.j.t.JMeterThread: Thread finished: Thread Group 1-172
2026-05-20 23:42:08,196 INFO o.a.j.t.JMeterThread: Thread is done: Thread Group 1-118
2026-05-20 23:42:08,196 INFO o.a.j.t.JMeterThread: Thread finished: Thread Group 1-118
2026-05-20 23:42:08,236 INFO o.a.j.t.JMeterThread: Thread is done: Thread Group 1-110
2026-05-20 23:42:08,236 INFO o.a.j.t.JMeterThread: Thread finished: Thread Group 1-110
2026-05-20 23:42:08,252 INFO o.a.j.t.JMeterThread: Thread is done: Thread Group 1-154
2026-05-20 23:42:08,252 INFO o.a.j.t.JMeterThread: Thread finished: Thread Group 1-154
2026-05-20 23:42:08,259 INFO o.a.j.t.JMeterThread: Thread is done: Thread Group 1-183
2026-05-20 23:42:08,259 INFO o.a.j.t.JMeterThread: Thread finished: Thread Group 1-183
2026-05-20 23:42:08,279 INFO o.a.j.t.JMeterThread: Thread is done: Thread Group 1-167
2026-05-20 23:42:08,279 INFO o.a.j.t.JMeterThread: Thread finished: Thread Group 1-167
2026-05-20 23:42:08,286 INFO o.a.j.t.JMeterThread: Thread is done: Thread Group 1-146
2026-05-20 23:42:08,286 INFO o.a.j.t.JMeterThread: Thread finished: Thread Group 1-146
2026-05-20 23:42:08,315 INFO o.a.j.t.JMeterThread: Thread is done: Thread Group 1-163
2026-05-20 23:42:08,315 INFO o.a.j.t.JMeterThread: Thread finished: Thread Group 1-163
2026-05-20 23:42:08,416 INFO o.a.j.t.JMeterThread: Thread is done: Thread Group 1-126
2026-05-20 23:42:08,416 INFO o.a.j.t.JMeterThread: Thread finished: Thread Group 1-126
2026-05-20 23:42:08,559 INFO o.a.j.t.JMeterThread: Thread is done: Thread Group 1-173
2026-05-20 23:42:08,559 INFO o.a.j.t.JMeterThread: Thread finished: Thread Group 1-173
2026-05-20 23:42:08,579 INFO o.a.j.t.JMeterThread: Thread is done: Thread Group 1-187
2026-05-20 23:42:08,580 INFO o.a.j.t.JMeterThread: Thread finished: Thread Group 1-187
2026-05-20 23:42:08,607 INFO o.a.j.t.JMeterThread: Thread is done: Thread Group 1-200
2026-05-20 23:42:08,607 INFO o.a.j.t.JMeterThread: Thread finished: Thread Group 1-200
2026-05-20 23:42:08,661 INFO o.a.j.t.JMeterThread: Thread is done: Thread Group 1-101
2026-05-20 23:42:08,661 INFO o.a.j.t.JMeterThread: Thread finished: Thread Group 1-101
2026-05-20 23:42:08,905 INFO o.a.j.t.JMeterThread: Thread is done: Thread Group 1-190
2026-05-20 23:42:08,905 INFO o.a.j.t.JMeterThread: Thread finished: Thread Group 1-190
2026-05-20 23:42:08,906 INFO o.a.j.e.StandardJMeterEngine: Notifying test listeners of end of test
2026-05-20 23:42:08,906 INFO o.a.j.s.FileServer: Close: test-data/users.csv
2026-05-20 23:42:08,908 INFO o.a.j.r.Summariser: summary +   1470 in 00:00:07 =  203.9/s Avg:  1377 Min:   111 Max: 30868 Err:   779 (52.99%) Active: 0 Started: 200 Finished: 200
2026-05-20 23:42:08,909 INFO o.a.j.r.Summariser: summary =   8000 in 00:00:42 =  191.3/s Avg:   439 Min:   111 Max: 30868 Err:  4031 (50.39%)
2026-05-20 23:42:08,910 INFO o.a.j.JMeter: Generating Dashboard
2026-05-20 23:42:08,911 INFO o.a.j.r.d.ReportGenerator: Flushing result collector before report Generation
2026-05-20 23:42:08,934 INFO o.a.j.r.p.NormalizerSampleConsumer: Using format, 'ms', to parse timeStamp field
2026-05-20 23:42:09,426 INFO o.a.j.r.p.AbstractSampleConsumer: class org.apache.jmeter.report.processor.AggregateConsumer#stopProducing(): beginDate produced 0 samples
2026-05-20 23:42:09,427 INFO o.a.j.r.p.AbstractSampleConsumer: class org.apache.jmeter.report.processor.AggregateConsumer#stopProducing(): endDate produced 0 samples
2026-05-20 23:42:09,440 INFO o.a.j.r.p.AbstractSampleConsumer: class org.apache.jmeter.report.processor.ApdexSummaryConsumer#stopProducing(): apdexSummary produced 0 samples
2026-05-20 23:42:09,440 INFO o.a.j.r.p.AbstractSampleConsumer: class org.apache.jmeter.report.processor.RequestsSummaryConsumer#stopProducing(): requestsSummary produced 0 samples
2026-05-20 23:42:09,468 INFO o.a.j.r.p.AbstractSampleConsumer: class org.apache.jmeter.report.processor.StatisticsSummaryConsumer#stopProducing(): statisticsSummary produced 0 samples
2026-05-20 23:42:09,472 INFO o.a.j.r.p.AbstractSampleConsumer: class org.apache.jmeter.report.processor.Top5ErrorsBySamplerConsumer#stopProducing(): top5ErrorsBySampler produced 0 samples
2026-05-20 23:42:09,472 INFO o.a.j.r.p.AbstractSampleConsumer: class org.apache.jmeter.report.processor.ErrorsSummaryConsumer#stopProducing(): errorsSummary produced 0 samples
2026-05-20 23:42:09,472 INFO o.a.j.r.p.AbstractSampleConsumer: class org.apache.jmeter.report.processor.graph.impl.HitsPerSecondGraphConsumer#stopProducing(): hitsPerSecond produced 0 samples
2026-05-20 23:42:09,663 INFO o.a.j.r.p.AbstractSampleConsumer: class org.apache.jmeter.report.processor.graph.impl.LatencyVSRequestGraphConsumer#stopProducing(): latencyVsRequest produced 0 samples
2026-05-20 23:42:09,665 INFO o.a.j.r.p.AbstractSampleConsumer: class org.apache.jmeter.report.processor.graph.impl.SyntheticResponseTimeDistributionGraphConsumer#stopProducing(): syntheticResponseTimeDistribution produced 0 samples
2026-05-20 23:42:09,665 INFO o.a.j.r.p.AbstractSampleConsumer: class org.apache.jmeter.report.processor.graph.impl.BytesThroughputGraphConsumer#stopProducing(): bytesThroughputOverTime produced 0 samples
2026-05-20 23:42:09,665 INFO o.a.j.r.p.AbstractSampleConsumer: class org.apache.jmeter.report.processor.graph.impl.CodesPerSecondGraphConsumer#stopProducing(): codesPerSecond produced 0 samples
2026-05-20 23:42:09,757 INFO o.a.j.r.p.AbstractSampleConsumer: class org.apache.jmeter.report.processor.graph.impl.ResponseTimeVSRequestGraphConsumer#stopProducing(): responseTimeVsRequest produced 0 samples
2026-05-20 23:42:09,758 INFO o.a.j.r.p.AbstractSampleConsumer: class org.apache.jmeter.report.processor.FilterConsumer#stopProducing(): startIntervalControlerFilter produced 56000 samples
2026-05-20 23:42:09,759 INFO o.a.j.r.p.AbstractSampleConsumer: class org.apache.jmeter.report.processor.graph.impl.TotalTPSGraphConsumer#stopProducing(): totalTPS produced 0 samples
2026-05-20 23:42:09,759 INFO o.a.j.r.p.AbstractSampleConsumer: class org.apache.jmeter.report.processor.graph.impl.ActiveThreadsGraphConsumer#stopProducing(): activeThreadsOverTime produced 0 samples
2026-05-20 23:42:09,759 INFO o.a.j.r.p.AbstractSampleConsumer: class org.apache.jmeter.report.processor.graph.impl.TimeVSThreadGraphConsumer#stopProducing(): timeVsThreads produced 0 samples
2026-05-20 23:42:09,760 INFO o.a.j.r.p.AbstractSampleConsumer: class org.apache.jmeter.report.processor.graph.impl.ResponseTimeDistributionGraphConsumer#stopProducing(): responseTimeDistribution produced 0 samples
2026-05-20 23:42:09,760 INFO o.a.j.r.p.AbstractSampleConsumer: class org.apache.jmeter.report.processor.graph.impl.TransactionsPerSecondGraphConsumer#stopProducing(): transactionsPerSecond produced 0 samples
2026-05-20 23:42:09,760 INFO o.a.j.r.p.AbstractSampleConsumer: class org.apache.jmeter.report.processor.graph.impl.ResponseTimePercentilesGraphConsumer#stopProducing(): responseTimePercentiles produced 0 samples
2026-05-20 23:42:09,762 INFO o.a.j.r.p.AbstractSampleConsumer: class org.apache.jmeter.report.processor.graph.impl.ResponseTimePercentilesOverTimeGraphConsumer#stopProducing(): responseTimePercentilesOverTime produced 0 samples
2026-05-20 23:42:09,764 INFO o.a.j.r.p.AbstractSampleConsumer: class org.apache.jmeter.report.processor.graph.impl.ResponseTimeOverTimeGraphConsumer#stopProducing(): responseTimesOverTime produced 0 samples
2026-05-20 23:42:09,764 INFO o.a.j.r.p.AbstractSampleConsumer: class org.apache.jmeter.report.processor.graph.impl.ConnectTimeOverTimeGraphConsumer#stopProducing(): connectTimeOverTime produced 0 samples
2026-05-20 23:42:09,764 INFO o.a.j.r.p.AbstractSampleConsumer: class org.apache.jmeter.report.processor.graph.impl.LatencyOverTimeGraphConsumer#stopProducing(): latenciesOverTime produced 0 samples
2026-05-20 23:42:09,764 INFO o.a.j.r.p.AbstractSampleConsumer: class org.apache.jmeter.report.processor.FilterConsumer#stopProducing(): nameFilter produced 120000 samples
2026-05-20 23:42:09,764 INFO o.a.j.r.p.AbstractSampleConsumer: class org.apache.jmeter.report.processor.FilterConsumer#stopProducing(): dateRangeFilter produced 24000 samples
2026-05-20 23:42:09,764 INFO o.a.j.r.p.AbstractSampleConsumer: class org.apache.jmeter.report.processor.NormalizerSampleConsumer#stopProducing(): normalizer produced 8000 samples
2026-05-20 23:42:09,765 INFO o.a.j.r.p.CsvFileSampleSource: produce(): 8000 samples produced in 801ms on channel 0
2026-05-20 23:42:09,765 INFO o.a.j.r.d.ReportGenerator: Exporting data using exporter:'json' of className:'org.apache.jmeter.report.dashboard.JsonExporter'
2026-05-20 23:42:09,966 INFO o.a.j.r.d.JsonExporter: Found data for consumer statisticsSummary in context
2026-05-20 23:42:09,967 INFO o.a.j.r.d.JsonExporter: Creating statistics for overall
2026-05-20 23:42:09,968 INFO o.a.j.r.d.JsonExporter: Creating statistics for other transactions
2026-05-20 23:42:09,969 INFO o.a.j.r.d.JsonExporter: Checking output folder
2026-05-20 23:42:09,970 INFO o.a.j.r.d.JsonExporter: Writing statistics JSON to C:\Users\chvik\jmeter-performance-testing\reports\html_report_stress\statistics.json
2026-05-20 23:42:10,030 INFO o.a.j.r.d.ReportGenerator: Exporting data using exporter:'html' of className:'org.apache.jmeter.report.dashboard.HtmlTemplateExporter'
2026-05-20 23:42:10,033 INFO o.a.j.r.d.HtmlTemplateExporter: Will generate dashboard in folder: C:\Users\chvik\jmeter-performance-testing\reports\html_report_stress
2026-05-20 23:42:10,175 INFO o.a.j.r.d.HtmlTemplateExporter: Report will be generated in: C:\Users\chvik\jmeter-performance-testing\reports\html_report_stress, creating folder structure
2026-05-20 23:42:10,178 INFO o.a.j.r.d.TemplateVisitor: Copying folder from 'C:\Users\chvik\jmeter\bin\report-template' to 'C:\Users\chvik\jmeter-performance-testing\reports\html_report_stress', got message: C:\Users\chvik\jmeter-performance-testing\reports\html_report_stress, found non empty folder with following content [C:\Users\chvik\jmeter-performance-testing\reports\html_report_stress\statistics.json], will be ignored
2026-05-20 23:42:10,602 INFO o.a.j.JMeter: Dashboard generated
